<?xml version="1.0" encoding="utf-8"?><testsuites name="pytest tests"><testsuite name="pytest" errors="0" failures="0" skipped="0" tests="11" time="1.628" timestamp="2026-04-27T10:51:59.328502+00:00" hostname="agent-env-1e343082-f4c9-484e-8b17-7dcc6e8c657c"><testcase classname="backend.tests.test_parcela_api.TestHealth" name="test_health_ok" time="0.141" /><testcase classname="backend.tests.test_parcela_api.TestWaitlistValid" name="test_valid_submission_each_language[rw]" time="0.134" /><testcase classname="backend.tests.test_parcela_api.TestWaitlistValid" name="test_valid_submission_each_language[en]" time="0.139" /><testcase classname="backend.tests.test_parcela_api.TestWaitlistValid" name="test_valid_submission_each_language[fr]" time="0.106" /><testcase classname="backend.tests.test_parcela_api.TestWaitlistValid" name="test_valid_submission_each_language[sw]" time="0.130" /><testcase classname="backend.tests.test_parcela_api.TestWaitlistValid" name="test_idempotent_upsert_same_email" time="0.217" /><testcase classname="backend.tests.test_parcela_api.TestWaitlistInvalid" name="test_invalid_email_returns_400" time="0.139" /><testcase classname="backend.tests.test_parcela_api.TestWaitlistInvalid" name="test_unsupported_language_returns_400" time="0.101" /><testcase classname="backend.tests.test_parcela_api.TestWaitlistInvalid" name="test_missing_fields_returns_400" time="0.107" /><testcase classname="backend.tests.test_parcela_api.TestWaitlistInvalid" name="test_empty_email_returns_400" time="0.113" /><testcase classname="backend.tests.test_parcela_api.TestUnknownApi" name="test_unknown_api_returns_404" time="0.108" /></testsuite></testsuites>